<?xml version="1.0" encoding="UTF-8"?>
<!-- Generated by org.testng.reporters.JUnitReportReporter -->
<testsuite hostname="Kabilans-MacBook-Pro.local" failures="0" tests="1" name="Proposal.Login" time="0.000" errors="0" timestamp="2023-09-13T20:10:20 IST" skipped="0">
  <testcase classname="Proposal.Login" name="login" time="0.000"/>
  <system-out/>
</testsuite> <!-- Proposal.Login -->
