<?xml version="1.0" encoding="UTF-8"?>
<!-- Generated by org.testng.reporters.JUnitReportReporter -->
<testsuite hostname="Kabilans-MacBook-Pro.local" failures="0" tests="1" name="Parallell.Fire" time="5.077" errors="0" timestamp="2023-09-13T20:10:20 IST" skipped="0">
  <testcase classname="Parallell.Fire" name="fire" time="5.077"/>
  <system-out/>
</testsuite> <!-- Parallell.Fire -->
