<?xml version="1.0" encoding="UTF-8"?>
<!-- Generated by org.testng.reporters.JUnitReportReporter -->
<testsuite hostname="Kabilans-MacBook-Pro.local" failures="0" tests="1" name="Parallell.chrome" time="5.076" errors="0" timestamp="2023-09-13T20:10:20 IST" skipped="0">
  <testcase classname="Parallell.chrome" name="Chrome" time="5.076"/>
  <system-out/>
</testsuite> <!-- Parallell.chrome -->
