<?xml version="1.0" encoding="UTF-8"?>
<!-- Generated by org.testng.reporters.JUnitReportReporter -->
<testsuite hostname="Kabilans-MacBook-Pro.local" failures="0" tests="1" name="Proposal.IDv" time="0.005" errors="0" timestamp="2023-09-13T20:10:20 IST" skipped="0">
  <testcase classname="Proposal.IDv" name="IDV" time="0.005"/>
  <system-out/>
</testsuite> <!-- Proposal.IDv -->
