<?xml version="1.0" encoding="UTF-8"?>
<!-- Generated by org.testng.reporters.JUnitReportReporter -->
<testsuite hostname="Kabilans-MacBook-Pro.local" failures="0" tests="1" name="Suit.TC_001" time="5.011" errors="0" timestamp="2023-09-13T19:59:02 IST" skipped="0">
  <testcase classname="Suit.TC_001" name="Chrome" time="5.011"/>
  <system-out/>
</testsuite> <!-- Suit.TC_001 -->
