<?xml version="1.0" encoding="UTF-8"?>
<!-- Generated by org.testng.reporters.JUnitReportReporter -->
<testsuite hostname="Kabilans-MacBook-Pro.local" failures="0" tests="1" name="Proposal.AML" time="0.000" errors="0" timestamp="2023-09-13T14:32:10 IST" skipped="0">
  <testcase classname="Proposal.AML" name="AML" time="0.000"/>
  <system-out/>
</testsuite> <!-- Proposal.AML -->
