<?xml version="1.0" encoding="UTF-8"?>
<!-- Generated by org.testng.reporters.JUnitReportReporter -->
<testsuite hostname="Kabilans-MacBook-Pro.local" failures="0" tests="1" name="Suit.chrome" time="5.008" errors="0" timestamp="2023-09-13T14:09:22 IST" skipped="0">
  <testcase classname="Suit.chrome" name="Chrome" time="5.008"/>
  <system-out/>
</testsuite> <!-- Suit.chrome -->
