<?xml version="1.0" encoding="UTF-8"?>
<!-- Generated by org.testng.reporters.JUnitReportReporter -->
<testsuite hostname="Kabilans-MacBook-Pro.local" failures="0" tests="1" name="Proposal.Login" time="6.095" errors="0" timestamp="2023-09-13T23:38:22 IST" skipped="0">
  <testcase classname="Proposal.Login" name="login" time="6.095"/>
  <system-out/>
</testsuite> <!-- Proposal.Login -->
