<?xml version="1.0" encoding="UTF-8"?>
<!-- Generated by org.testng.reporters.JUnitReportReporter -->
<testsuite hostname="Kabilans-MacBook-Pro.local" failures="0" tests="1" name="Suit.Fire" time="5.024" errors="0" timestamp="2023-09-13T19:59:02 IST" skipped="0">
  <testcase classname="Suit.Fire" name="fire" time="5.024"/>
  <system-out/>
</testsuite> <!-- Suit.Fire -->
